<?xml version="1.0" encoding="UTF-8" ?>
<testsuite tests="6" failures="1" name="vn.myclass.core.test.RoleTest" time="3.335" errors="0" skipped="0">
  <properties>
[...]
</properties>
  <testcase classname="vn.myclass.core.test.RoleTest" name="checkDelete" time="3.081"/>
  <testcase classname="vn.myclass.core.test.RoleTest" name="checkFindAll" time="0.196"/>
  <testcase classname="vn.myclass.core.test.RoleTest" name="checkFindById" time="0.011">
    <failure message="No row with the given identifier exists: [&lt;null entity name&gt;#NOT FOUND 1]" type="org.hibernate.ObjectNotFoundException">org.hibernate.ObjectNotFoundException: No row with the given identifier exists: [&lt;null entity name&gt;#NOT FOUND 1]
	at vn.myclass.core.data.daoimpl.AbstractDao.findById(AbstractDao.java:88)
	at vn.myclass.core.test.RoleTest.checkFindById(RoleTest.java:42)
</failure>
    <system-out>Hibernate: select roleentity0_.roleid as roleid1_2_0_, roleentity0_.name as name2_2_0_ from role roleentity0_ where roleentity0_.roleid=?
</system-out>
  </testcase>
  <testcase classname="vn.myclass.core.test.RoleTest" name="checkFindByProperty" time="0.014"/>
  <testcase classname="vn.myclass.core.test.RoleTest" name="checkSaveRole" time="0.023"/>
  <testcase classname="vn.myclass.core.test.RoleTest" name="checkUpdateRole" time="0.01"/>
</testsuite>